0 info it worked if it ends with ok
1 verbose cli [ 'D:\\Workspace\\NodeJs\\node.exe',
1 verbose cli   'D:\\Workspace\\NodeJs\\node_modules\\npm\\bin\\npm-cli.js',
1 verbose cli   'start' ]
2 info using npm@3.10.10
3 info using node@v6.11.0
4 verbose run-script [ 'prestart', 'start', 'poststart' ]
5 info lifecycle epxress-demo@0.0.0~prestart: epxress-demo@0.0.0
6 silly lifecycle epxress-demo@0.0.0~prestart: no script for prestart, continuing
7 info lifecycle epxress-demo@0.0.0~start: epxress-demo@0.0.0
8 verbose lifecycle epxress-demo@0.0.0~start: unsafe-perm in lifecycle true
9 verbose lifecycle epxress-demo@0.0.0~start: PATH: D:\Workspace\NodeJs\node_modules\npm\bin\node-gyp-bin;E:\TOM-Projects\node\test\express-self\node_modules\.bin;C:\ProgramData\Oracle\Java\javapath;E:\oracle\gengmr\product\12.1.0\dbhome_1\bin;C:\Windows\system32;C:\Windows;C:\Windows\System32\Wbem;C:\Windows\System32\WindowsPowerShell\v1.0\;C:\Program Files\Microsoft\Web Platform Installer\;C:\Program Files (x86)\Microsoft ASP.NET\ASP.NET Web Pages\v1.0\;D:\java\jdk1_8\bin;D:\java\jdk1_8\jre\bin;D:\Apache_Tomcat\Apache Tomcat 7.0.41\webapps\apache-cxf-3.1.0\bin;C:\Program Files\MySQL\MySQL Server 5.5\bin;E:\Workspaces\MySQL\bin;D:\MySQL\MySQL Server 5.5\bin;F:\Androidsdk\platform-tools;F:\Androidsdk\tools;D:\apache-maven-3.3.9\bin;C:\Program Files (x86)\NVIDIA Corporation\PhysX\Common;D:\TortoiseGit\bin;D:\日常软件\TortoiseSVN\bin;D:\Workspace\NodeJs\;D:\Git\bin;D:\Git\mingw64\libexec\git-core;D:\DGW\DGW_Vpn\DigiWin OpenVPN\bin;D:\workSoft\Microsoft VS Code\bin;D:\DGW\SSH;C:\Program Files (x86)\IDM Computer Solutions\UltraCompare\;C:\Users\GMR\AppData\Roaming\npm
10 verbose lifecycle epxress-demo@0.0.0~start: CWD: E:\TOM-Projects\node\test\express-self
11 silly lifecycle epxress-demo@0.0.0~start: Args: [ '/d /s /c', 'node ./bin/www' ]
12 verbose stack Error: kill ENOSYS
12 verbose stack     at exports._errnoException (util.js:1018:11)
12 verbose stack     at process.kill (internal/process.js:190:13)
12 verbose stack     at process.listener (D:\Workspace\NodeJs\node_modules\npm\node_modules\npmlog\node_modules\gauge\node_modules\signal-exit\index.js:86:15)
12 verbose stack     at emitNone (events.js:91:20)
12 verbose stack     at process.emit (events.js:185:7)
12 verbose stack     at processEmit (D:\Workspace\NodeJs\node_modules\npm\node_modules\npmlog\node_modules\gauge\node_modules\signal-exit\index.js:146:32)
12 verbose stack     at processEmit (D:\Workspace\NodeJs\node_modules\npm\node_modules\npm-registry-client\node_modules\npmlog\node_modules\gauge\node_modules\signal-exit\index.js:146:32)
12 verbose stack     at Signal.wrap.onsignal (internal/process.js:217:44)
13 verbose cwd E:\TOM-Projects\node\test\express-self
14 error Windows_NT 6.1.7601
15 error argv "D:\\Workspace\\NodeJs\\node.exe" "D:\\Workspace\\NodeJs\\node_modules\\npm\\bin\\npm-cli.js" "start"
16 error node v6.11.0
17 error npm  v3.10.10
18 error code ENOSYS
19 error errno ENOSYS
20 error syscall kill
21 error kill ENOSYS
22 error If you need help, you may report this error at:
22 error     <https://github.com/npm/npm/issues>
23 verbose exit [ 1, true ]
